@!@!@STARTMSG 2262:0 @!@!@
TLC2 Version 2.13 of 18 July 2018
@!@!@ENDMSG 2262 @!@!@
@!@!@STARTMSG 2187:0 @!@!@
Running breadth-first search Model-Checking with seed 7805786937724729197 with 4 workers on 8 cores with 1214MB heap and 2730MB offheap memory (Mac OS X 10.13.6 x86_64, Oracle Corporation 1.8.0_151 x86_64).
@!@!@ENDMSG 2187 @!@!@
@!@!@STARTMSG 2220:0 @!@!@
Starting SANY...
@!@!@ENDMSG 2220 @!@!@
Parsing file /Users/benjamin/Workspace/git/tlaplus/dekker.toolbox/Model_1/MC.tla
Parsing file /Users/benjamin/Workspace/git/tlaplus/dekker.toolbox/Model_1/dekker.tla
Parsing file /private/var/folders/km/xc2x29pj2873lw14y0bymsc40000gn/T/AppTranslocation/9FDA603B-F419-4773-8960-33B106A697EE/d/TLA+ Toolbox.app/Contents/Eclipse/plugins/org.lamport.tlatools_1.0.0.201807180447/tla2sany/StandardModules/TLC.tla
Parsing file /private/var/folders/km/xc2x29pj2873lw14y0bymsc40000gn/T/AppTranslocation/9FDA603B-F419-4773-8960-33B106A697EE/d/TLA+ Toolbox.app/Contents/Eclipse/plugins/org.lamport.tlatools_1.0.0.201807180447/tla2sany/StandardModules/Integers.tla
Parsing file /private/var/folders/km/xc2x29pj2873lw14y0bymsc40000gn/T/AppTranslocation/9FDA603B-F419-4773-8960-33B106A697EE/d/TLA+ Toolbox.app/Contents/Eclipse/plugins/org.lamport.tlatools_1.0.0.201807180447/tla2sany/StandardModules/Naturals.tla
Parsing file /private/var/folders/km/xc2x29pj2873lw14y0bymsc40000gn/T/AppTranslocation/9FDA603B-F419-4773-8960-33B106A697EE/d/TLA+ Toolbox.app/Contents/Eclipse/plugins/org.lamport.tlatools_1.0.0.201807180447/tla2sany/StandardModules/Sequences.tla
Parsing file /private/var/folders/km/xc2x29pj2873lw14y0bymsc40000gn/T/AppTranslocation/9FDA603B-F419-4773-8960-33B106A697EE/d/TLA+ Toolbox.app/Contents/Eclipse/plugins/org.lamport.tlatools_1.0.0.201807180447/tla2sany/StandardModules/FiniteSets.tla
Semantic processing of module Naturals
Semantic processing of module Sequences
Semantic processing of module FiniteSets
Semantic processing of module TLC
Semantic processing of module Integers
Semantic processing of module dekker
Semantic processing of module MC
@!@!@STARTMSG 2219:0 @!@!@
SANY finished.
@!@!@ENDMSG 2219 @!@!@
@!@!@STARTMSG 2185:0 @!@!@
Starting... (2018-08-15 16:04:06)
@!@!@ENDMSG 2185 @!@!@
@!@!@STARTMSG 2212:0 @!@!@
Implied-temporal checking--satisfiability problem has 3 branches.
@!@!@ENDMSG 2212 @!@!@
@!@!@STARTMSG 2189:0 @!@!@
Computing initial states...
@!@!@ENDMSG 2189 @!@!@
@!@!@STARTMSG 2190:0 @!@!@
Finished computing initial states: 1 distinct state generated.
@!@!@ENDMSG 2190 @!@!@
@!@!@STARTMSG 2110:1 @!@!@
Invariant inv_1534367045908527000 is violated.
@!@!@ENDMSG 2110 @!@!@
@!@!@STARTMSG 2121:1 @!@!@
The behavior up to this point is:
@!@!@ENDMSG 2121 @!@!@
@!@!@STARTMSG 2217:4 @!@!@
1: <Initial predicate>
/\ next = 1
/\ pc = <<"P1", "P1", "P1">>
/\ flags = <<FALSE, FALSE, FALSE>>

@!@!@ENDMSG 2217 @!@!@
@!@!@STARTMSG 2217:4 @!@!@
2: <P1 line 60, col 13 to line 63, col 27 of module dekker>
/\ next = 1
/\ pc = <<"P1", "P2", "P1">>
/\ flags = <<FALSE, TRUE, FALSE>>

@!@!@ENDMSG 2217 @!@!@
@!@!@STARTMSG 2217:4 @!@!@
3: <P1 line 60, col 13 to line 63, col 27 of module dekker>
/\ next = 1
/\ pc = <<"P2", "P2", "P1">>
/\ flags = <<TRUE, TRUE, FALSE>>

@!@!@ENDMSG 2217 @!@!@
@!@!@STARTMSG 2217:4 @!@!@
4: <P2 line 65, col 13 to line 69, col 42 of module dekker>
/\ next = 1
/\ pc = <<"CS", "P2", "P1">>
/\ flags = <<TRUE, TRUE, FALSE>>

@!@!@ENDMSG 2217 @!@!@
@!@!@STARTMSG 2217:4 @!@!@
5: <P2 line 65, col 13 to line 69, col 42 of module dekker>
/\ next = 1
/\ pc = <<"CS", "CS", "P1">>
/\ flags = <<TRUE, TRUE, FALSE>>

@!@!@ENDMSG 2217 @!@!@
@!@!@STARTMSG 2217:4 @!@!@
6: <P1 line 60, col 13 to line 63, col 27 of module dekker>
/\ next = 1
/\ pc = <<"CS", "CS", "P2">>
/\ flags = <<TRUE, TRUE, TRUE>>

@!@!@ENDMSG 2217 @!@!@
@!@!@STARTMSG 2217:4 @!@!@
7: <P2 line 65, col 13 to line 69, col 42 of module dekker>
/\ next = 1
/\ pc = <<"CS", "CS", "CS">>
/\ flags = <<TRUE, TRUE, TRUE>>

@!@!@ENDMSG 2217 @!@!@
@!@!@STARTMSG 2201:0 @!@!@
The coverage statistics at 2018-08-15 16:04:07
@!@!@ENDMSG 2201 @!@!@
@!@!@STARTMSG 2221:0 @!@!@
  line 100, col 16 to line 100, col 47 of module dekker: 15
@!@!@ENDMSG 2221 @!@!@
@!@!@STARTMSG 2221:0 @!@!@
  line 101, col 16 to line 101, col 29 of module dekker: 15
@!@!@ENDMSG 2221 @!@!@
@!@!@STARTMSG 2221:0 @!@!@
  line 104, col 16 to line 104, col 54 of module dekker: 3
@!@!@ENDMSG 2221 @!@!@
@!@!@STARTMSG 2221:0 @!@!@
  line 105, col 16 to line 105, col 47 of module dekker: 3
@!@!@ENDMSG 2221 @!@!@
@!@!@STARTMSG 2221:0 @!@!@
  line 106, col 16 to line 106, col 27 of module dekker: 3
@!@!@ENDMSG 2221 @!@!@
@!@!@STARTMSG 2221:0 @!@!@
  line 109, col 16 to line 109, col 47 of module dekker: 0
@!@!@ENDMSG 2221 @!@!@
@!@!@STARTMSG 2221:0 @!@!@
  line 110, col 29 to line 110, col 33 of module dekker: 0
@!@!@ENDMSG 2221 @!@!@
@!@!@STARTMSG 2221:0 @!@!@
  line 110, col 36 to line 110, col 39 of module dekker: 0
@!@!@ENDMSG 2221 @!@!@
@!@!@STARTMSG 2221:0 @!@!@
  line 51, col 12 to line 51, col 16 of module dekker: 0
@!@!@ENDMSG 2221 @!@!@
@!@!@STARTMSG 2221:0 @!@!@
  line 51, col 19 to line 51, col 22 of module dekker: 0
@!@!@ENDMSG 2221 @!@!@
@!@!@STARTMSG 2221:0 @!@!@
  line 51, col 25 to line 51, col 26 of module dekker: 0
@!@!@ENDMSG 2221 @!@!@
@!@!@STARTMSG 2221:0 @!@!@
  line 61, col 16 to line 61, col 53 of module dekker: 50
@!@!@ENDMSG 2221 @!@!@
@!@!@STARTMSG 2221:0 @!@!@
  line 62, col 16 to line 62, col 47 of module dekker: 50
@!@!@ENDMSG 2221 @!@!@
@!@!@STARTMSG 2221:0 @!@!@
  line 63, col 16 to line 63, col 27 of module dekker: 50
@!@!@ENDMSG 2221 @!@!@
@!@!@STARTMSG 2221:0 @!@!@
  line 67, col 27 to line 67, col 60 of module dekker: 3
@!@!@ENDMSG 2221 @!@!@
@!@!@STARTMSG 2221:0 @!@!@
  line 68, col 27 to line 68, col 58 of module dekker: 42
@!@!@ENDMSG 2221 @!@!@
@!@!@STARTMSG 2221:0 @!@!@
  line 69, col 29 to line 69, col 33 of module dekker: 45
@!@!@ENDMSG 2221 @!@!@
@!@!@STARTMSG 2221:0 @!@!@
  line 69, col 36 to line 69, col 39 of module dekker: 45
@!@!@ENDMSG 2221 @!@!@
@!@!@STARTMSG 2221:0 @!@!@
  line 73, col 29 to line 73, col 64 of module dekker: 9
@!@!@ENDMSG 2221 @!@!@
@!@!@STARTMSG 2221:0 @!@!@
  line 74, col 29 to line 74, col 60 of module dekker: 6
@!@!@ENDMSG 2221 @!@!@
@!@!@STARTMSG 2221:0 @!@!@
  line 75, col 31 to line 75, col 35 of module dekker: 15
@!@!@ENDMSG 2221 @!@!@
@!@!@STARTMSG 2221:0 @!@!@
  line 75, col 38 to line 75, col 41 of module dekker: 15
@!@!@ENDMSG 2221 @!@!@
@!@!@STARTMSG 2221:0 @!@!@
  line 78, col 20 to line 78, col 58 of module dekker: 4
@!@!@ENDMSG 2221 @!@!@
@!@!@STARTMSG 2221:0 @!@!@
  line 79, col 20 to line 79, col 55 of module dekker: 4
@!@!@ENDMSG 2221 @!@!@
@!@!@STARTMSG 2221:0 @!@!@
  line 80, col 20 to line 80, col 31 of module dekker: 4
@!@!@ENDMSG 2221 @!@!@
@!@!@STARTMSG 2221:0 @!@!@
  line 84, col 20 to line 84, col 55 of module dekker: 0
@!@!@ENDMSG 2221 @!@!@
@!@!@STARTMSG 2221:0 @!@!@
  line 85, col 33 to line 85, col 37 of module dekker: 0
@!@!@ENDMSG 2221 @!@!@
@!@!@STARTMSG 2221:0 @!@!@
  line 85, col 40 to line 85, col 43 of module dekker: 0
@!@!@ENDMSG 2221 @!@!@
@!@!@STARTMSG 2221:0 @!@!@
  line 88, col 20 to line 88, col 57 of module dekker: 0
@!@!@ENDMSG 2221 @!@!@
@!@!@STARTMSG 2221:0 @!@!@
  line 89, col 20 to line 89, col 51 of module dekker: 0
@!@!@ENDMSG 2221 @!@!@
@!@!@STARTMSG 2221:0 @!@!@
  line 90, col 20 to line 90, col 31 of module dekker: 0
@!@!@ENDMSG 2221 @!@!@
@!@!@STARTMSG 2221:0 @!@!@
  line 94, col 16 to line 94, col 47 of module dekker: 21
@!@!@ENDMSG 2221 @!@!@
@!@!@STARTMSG 2221:0 @!@!@
  line 95, col 29 to line 95, col 33 of module dekker: 21
@!@!@ENDMSG 2221 @!@!@
@!@!@STARTMSG 2221:0 @!@!@
  line 95, col 36 to line 95, col 39 of module dekker: 21
@!@!@ENDMSG 2221 @!@!@
@!@!@STARTMSG 2221:0 @!@!@
  line 99, col 18 to line 99, col 26 of module dekker: 15
@!@!@ENDMSG 2221 @!@!@
@!@!@STARTMSG 2202:0 @!@!@
End of statistics.
@!@!@ENDMSG 2202 @!@!@
@!@!@STARTMSG 2200:0 @!@!@
Progress(7) at 2018-08-15 16:04:07: 154 states generated (9,871 s/min), 97 distinct states found (6,217 ds/min), 48 states left on queue.
@!@!@ENDMSG 2200 @!@!@
@!@!@STARTMSG 2199:0 @!@!@
154 states generated, 97 distinct states found, 48 states left on queue.
@!@!@ENDMSG 2199 @!@!@
@!@!@STARTMSG 2194:0 @!@!@
The depth of the complete state graph search is 7.
@!@!@ENDMSG 2194 @!@!@
@!@!@STARTMSG 2268:0 @!@!@
The average outdegree of the complete state graph is 2 (minimum is 1, the maximum 5 and the 95th percentile is 4).
@!@!@ENDMSG 2268 @!@!@
@!@!@STARTMSG 2186:0 @!@!@
Finished in 1248ms at (2018-08-15 16:04:07)
@!@!@ENDMSG 2186 @!@!@
