@!@!@STARTMSG 2262:0 @!@!@
TLC2 Version 2.13 of 18 July 2018
@!@!@ENDMSG 2262 @!@!@
@!@!@STARTMSG 2187:0 @!@!@
Running breadth-first search Model-Checking with seed -2749845515014116588 with 4 workers on 8 cores with 1214MB heap and 2730MB offheap memory (Mac OS X 10.13.6 x86_64, Oracle Corporation 1.8.0_151 x86_64).
@!@!@ENDMSG 2187 @!@!@
@!@!@STARTMSG 2220:0 @!@!@
Starting SANY...
@!@!@ENDMSG 2220 @!@!@
Parsing file /Users/benjamin/Workspace/git/tlaplus/philosophers.toolbox/Philosopher_Deadlock /MC.tla
Parsing file /Users/benjamin/Workspace/git/tlaplus/philosophers.toolbox/Philosopher_Deadlock /philosophers.tla
Parsing file /private/var/folders/km/xc2x29pj2873lw14y0bymsc40000gn/T/AppTranslocation/9FDA603B-F419-4773-8960-33B106A697EE/d/TLA+ Toolbox.app/Contents/Eclipse/plugins/org.lamport.tlatools_1.0.0.201807180447/tla2sany/StandardModules/TLC.tla
Parsing file /private/var/folders/km/xc2x29pj2873lw14y0bymsc40000gn/T/AppTranslocation/9FDA603B-F419-4773-8960-33B106A697EE/d/TLA+ Toolbox.app/Contents/Eclipse/plugins/org.lamport.tlatools_1.0.0.201807180447/tla2sany/StandardModules/Integers.tla
Parsing file /private/var/folders/km/xc2x29pj2873lw14y0bymsc40000gn/T/AppTranslocation/9FDA603B-F419-4773-8960-33B106A697EE/d/TLA+ Toolbox.app/Contents/Eclipse/plugins/org.lamport.tlatools_1.0.0.201807180447/tla2sany/StandardModules/Sequences.tla
Parsing file /private/var/folders/km/xc2x29pj2873lw14y0bymsc40000gn/T/AppTranslocation/9FDA603B-F419-4773-8960-33B106A697EE/d/TLA+ Toolbox.app/Contents/Eclipse/plugins/org.lamport.tlatools_1.0.0.201807180447/tla2sany/StandardModules/FiniteSets.tla
Parsing file /private/var/folders/km/xc2x29pj2873lw14y0bymsc40000gn/T/AppTranslocation/9FDA603B-F419-4773-8960-33B106A697EE/d/TLA+ Toolbox.app/Contents/Eclipse/plugins/org.lamport.tlatools_1.0.0.201807180447/tla2sany/StandardModules/Naturals.tla
Semantic processing of module Naturals
Semantic processing of module Sequences
Semantic processing of module FiniteSets
Semantic processing of module TLC
Semantic processing of module Integers
Semantic processing of module philosophers
Semantic processing of module MC
@!@!@STARTMSG 2219:0 @!@!@
SANY finished.
@!@!@ENDMSG 2219 @!@!@
@!@!@STARTMSG 2185:0 @!@!@
Starting... (2018-08-16 11:45:46)
@!@!@ENDMSG 2185 @!@!@
@!@!@STARTMSG 2212:0 @!@!@
Implied-temporal checking--satisfiability problem has 1 branches.
@!@!@ENDMSG 2212 @!@!@
@!@!@STARTMSG 2189:0 @!@!@
Computing initial states...
@!@!@ENDMSG 2189 @!@!@
@!@!@STARTMSG 2190:0 @!@!@
Finished computing initial states: 1 distinct state generated.
@!@!@ENDMSG 2190 @!@!@
@!@!@STARTMSG 2114:1 @!@!@
Deadlock reached.
@!@!@ENDMSG 2114 @!@!@
@!@!@STARTMSG 2121:1 @!@!@
The behavior up to this point is:
@!@!@ENDMSG 2121 @!@!@
@!@!@STARTMSG 2217:4 @!@!@
1: <Initial predicate>
/\ sticks = <<FALSE, FALSE, FALSE, FALSE>>
/\ stack = <<<<>>, <<>>, <<>>, <<>>>>
/\ first = <<0, 0, 0, 0>>
/\ second = <<0, 0, 0, 0>>
/\ right = 0
/\ left = 0
/\ pc = <<"RHPhilsopher", "RHPhilsopher", "RHPhilsopher", "LHPhilsopher">>

@!@!@ENDMSG 2217 @!@!@
@!@!@STARTMSG 2217:4 @!@!@
2: <RHPhilsopher line 149, col 23 to line 160, col 41 of module philosophers>
/\ sticks = <<FALSE, FALSE, FALSE, FALSE>>
/\ stack = << <<[pc |-> "Done", first |-> 0, second |-> 0, procedure |-> "eat"]>>,
   <<>>,
   <<>>,
   <<>> >>
/\ first = <<4, 0, 0, 0>>
/\ second = <<1, 0, 0, 0>>
/\ right = 1
/\ left = 4
/\ pc = <<"PickUpFirst", "RHPhilsopher", "RHPhilsopher", "LHPhilsopher">>

@!@!@ENDMSG 2217 @!@!@
@!@!@STARTMSG 2217:4 @!@!@
3: <PickUpFirst line 118, col 22 to line 122, col 73 of module philosophers>
/\ sticks = <<FALSE, FALSE, FALSE, TRUE>>
/\ stack = << <<[pc |-> "Done", first |-> 0, second |-> 0, procedure |-> "eat"]>>,
   <<>>,
   <<>>,
   <<>> >>
/\ first = <<4, 0, 0, 0>>
/\ second = <<1, 0, 0, 0>>
/\ right = 1
/\ left = 4
/\ pc = <<"PickUpSecond", "RHPhilsopher", "RHPhilsopher", "LHPhilsopher">>

@!@!@ENDMSG 2217 @!@!@
@!@!@STARTMSG 2217:4 @!@!@
4: <PickUpSecond line 124, col 23 to line 130, col 74 of module philosophers>
/\ sticks = <<TRUE, FALSE, FALSE, TRUE>>
/\ stack = << <<[pc |-> "Done", first |-> 0, second |-> 0, procedure |-> "eat"]>>,
   <<>>,
   <<>>,
   <<>> >>
/\ first = <<4, 0, 0, 0>>
/\ second = <<1, 0, 0, 0>>
/\ right = 1
/\ left = 4
/\ pc = <<"Eat", "RHPhilsopher", "RHPhilsopher", "LHPhilsopher">>

@!@!@ENDMSG 2217 @!@!@
@!@!@STARTMSG 2217:4 @!@!@
5: <Eat line 132, col 14 to line 135, col 73 of module philosophers>
/\ sticks = <<TRUE, FALSE, FALSE, TRUE>>
/\ stack = << <<[pc |-> "Done", first |-> 0, second |-> 0, procedure |-> "eat"]>>,
   <<>>,
   <<>>,
   <<>> >>
/\ first = <<4, 0, 0, 0>>
/\ second = <<1, 0, 0, 0>>
/\ right = 1
/\ left = 4
/\ pc = <<"Finish", "RHPhilsopher", "RHPhilsopher", "LHPhilsopher">>

@!@!@ENDMSG 2217 @!@!@
@!@!@STARTMSG 2217:4 @!@!@
6: <RHPhilsopher line 149, col 23 to line 160, col 41 of module philosophers>
/\ sticks = <<TRUE, FALSE, FALSE, TRUE>>
/\ stack = << <<[pc |-> "Done", first |-> 0, second |-> 0, procedure |-> "eat"]>>,
   <<>>,
   <<[pc |-> "Done", first |-> 0, second |-> 0, procedure |-> "eat"]>>,
   <<>> >>
/\ first = <<4, 0, 2, 0>>
/\ second = <<1, 0, 3, 0>>
/\ right = 3
/\ left = 2
/\ pc = <<"Finish", "RHPhilsopher", "PickUpFirst", "LHPhilsopher">>

@!@!@ENDMSG 2217 @!@!@
@!@!@STARTMSG 2217:4 @!@!@
7: <Finish line 137, col 17 to line 144, col 46 of module philosophers>
/\ sticks = <<TRUE, FALSE, FALSE, TRUE>>
/\ stack = << <<>>,
   <<>>,
   <<[pc |-> "Done", first |-> 0, second |-> 0, procedure |-> "eat"]>>,
   <<>> >>
/\ first = <<0, 0, 2, 0>>
/\ second = <<0, 0, 3, 0>>
/\ right = 3
/\ left = 2
/\ pc = <<"Done", "RHPhilsopher", "PickUpFirst", "LHPhilsopher">>

@!@!@ENDMSG 2217 @!@!@
@!@!@STARTMSG 2217:4 @!@!@
8: <PickUpFirst line 118, col 22 to line 122, col 73 of module philosophers>
/\ sticks = <<TRUE, TRUE, FALSE, TRUE>>
/\ stack = << <<>>,
   <<>>,
   <<[pc |-> "Done", first |-> 0, second |-> 0, procedure |-> "eat"]>>,
   <<>> >>
/\ first = <<0, 0, 2, 0>>
/\ second = <<0, 0, 3, 0>>
/\ right = 3
/\ left = 2
/\ pc = <<"Done", "RHPhilsopher", "PickUpSecond", "LHPhilsopher">>

@!@!@ENDMSG 2217 @!@!@
@!@!@STARTMSG 2217:4 @!@!@
9: <PickUpSecond line 124, col 23 to line 130, col 74 of module philosophers>
/\ sticks = <<TRUE, TRUE, TRUE, TRUE>>
/\ stack = << <<>>,
   <<>>,
   <<[pc |-> "Done", first |-> 0, second |-> 0, procedure |-> "eat"]>>,
   <<>> >>
/\ first = <<0, 0, 2, 0>>
/\ second = <<0, 0, 3, 0>>
/\ right = 3
/\ left = 2
/\ pc = <<"Done", "RHPhilsopher", "Eat", "LHPhilsopher">>

@!@!@ENDMSG 2217 @!@!@
@!@!@STARTMSG 2217:4 @!@!@
10: <Eat line 132, col 14 to line 135, col 73 of module philosophers>
/\ sticks = <<TRUE, TRUE, TRUE, TRUE>>
/\ stack = << <<>>,
   <<>>,
   <<[pc |-> "Done", first |-> 0, second |-> 0, procedure |-> "eat"]>>,
   <<>> >>
/\ first = <<0, 0, 2, 0>>
/\ second = <<0, 0, 3, 0>>
/\ right = 3
/\ left = 2
/\ pc = <<"Done", "RHPhilsopher", "Finish", "LHPhilsopher">>

@!@!@ENDMSG 2217 @!@!@
@!@!@STARTMSG 2217:4 @!@!@
11: <Finish line 137, col 17 to line 144, col 46 of module philosophers>
/\ sticks = <<TRUE, FALSE, FALSE, TRUE>>
/\ stack = <<<<>>, <<>>, <<>>, <<>>>>
/\ first = <<0, 0, 0, 0>>
/\ second = <<0, 0, 0, 0>>
/\ right = 3
/\ left = 2
/\ pc = <<"Done", "RHPhilsopher", "Done", "LHPhilsopher">>

@!@!@ENDMSG 2217 @!@!@
@!@!@STARTMSG 2217:4 @!@!@
12: <RHPhilsopher line 149, col 23 to line 160, col 41 of module philosophers>
/\ sticks = <<TRUE, FALSE, FALSE, TRUE>>
/\ stack = << <<>>,
   <<[pc |-> "Done", first |-> 0, second |-> 0, procedure |-> "eat"]>>,
   <<>>,
   <<>> >>
/\ first = <<0, 1, 0, 0>>
/\ second = <<0, 2, 0, 0>>
/\ right = 2
/\ left = 1
/\ pc = <<"Done", "PickUpFirst", "Done", "LHPhilsopher">>

@!@!@ENDMSG 2217 @!@!@
@!@!@STARTMSG 2217:4 @!@!@
13: <LHPhilsopher line 164, col 23 to line 175, col 41 of module philosophers>
/\ sticks = <<TRUE, FALSE, FALSE, TRUE>>
/\ stack = << <<>>,
   <<[pc |-> "Done", first |-> 0, second |-> 0, procedure |-> "eat"]>>,
   <<>>,
   <<[pc |-> "Done", first |-> 0, second |-> 0, procedure |-> "eat"]>> >>
/\ first = <<0, 1, 0, 4>>
/\ second = <<0, 2, 0, 3>>
/\ right = 4
/\ left = 3
/\ pc = <<"Done", "PickUpFirst", "Done", "PickUpFirst">>

@!@!@ENDMSG 2217 @!@!@
@!@!@STARTMSG 2201:0 @!@!@
The coverage statistics at 2018-08-16 11:45:48
@!@!@ENDMSG 2201 @!@!@
@!@!@STARTMSG 2221:0 @!@!@
  line 103, col 12 to line 103, col 17 of module philosophers: 0
@!@!@ENDMSG 2221 @!@!@
@!@!@STARTMSG 2221:0 @!@!@
  line 103, col 20 to line 103, col 23 of module philosophers: 0
@!@!@ENDMSG 2221 @!@!@
@!@!@STARTMSG 2221:0 @!@!@
  line 103, col 26 to line 103, col 30 of module philosophers: 0
@!@!@ENDMSG 2221 @!@!@
@!@!@STARTMSG 2221:0 @!@!@
  line 103, col 33 to line 103, col 34 of module philosophers: 0
@!@!@ENDMSG 2221 @!@!@
@!@!@STARTMSG 2221:0 @!@!@
  line 103, col 37 to line 103, col 41 of module philosophers: 0
@!@!@ENDMSG 2221 @!@!@
@!@!@STARTMSG 2221:0 @!@!@
  line 103, col 44 to line 103, col 48 of module philosophers: 0
@!@!@ENDMSG 2221 @!@!@
@!@!@STARTMSG 2221:0 @!@!@
  line 103, col 51 to line 103, col 56 of module philosophers: 0
@!@!@ENDMSG 2221 @!@!@
@!@!@STARTMSG 2221:0 @!@!@
  line 120, col 25 to line 120, col 71 of module philosophers: 2106
@!@!@ENDMSG 2221 @!@!@
@!@!@STARTMSG 2221:0 @!@!@
  line 121, col 25 to line 121, col 66 of module philosophers: 2106
@!@!@ENDMSG 2221 @!@!@
@!@!@STARTMSG 2221:0 @!@!@
  line 122, col 38 to line 122, col 41 of module philosophers: 2106
@!@!@ENDMSG 2221 @!@!@
@!@!@STARTMSG 2221:0 @!@!@
  line 122, col 44 to line 122, col 48 of module philosophers: 2106
@!@!@ENDMSG 2221 @!@!@
@!@!@STARTMSG 2221:0 @!@!@
  line 122, col 51 to line 122, col 55 of module philosophers: 2106
@!@!@ENDMSG 2221 @!@!@
@!@!@STARTMSG 2221:0 @!@!@
  line 122, col 58 to line 122, col 62 of module philosophers: 2106
@!@!@ENDMSG 2221 @!@!@
@!@!@STARTMSG 2221:0 @!@!@
  line 122, col 65 to line 122, col 70 of module philosophers: 2106
@!@!@ENDMSG 2221 @!@!@
@!@!@STARTMSG 2221:0 @!@!@
  line 126, col 37 to line 126, col 84 of module philosophers: 1244
@!@!@ENDMSG 2221 @!@!@
@!@!@STARTMSG 2221:0 @!@!@
  line 127, col 37 to line 127, col 69 of module philosophers: 1244
@!@!@ENDMSG 2221 @!@!@
@!@!@STARTMSG 2221:0 @!@!@
  line 128, col 37 to line 128, col 84 of module philosophers: 869
@!@!@ENDMSG 2221 @!@!@
@!@!@STARTMSG 2221:0 @!@!@
  line 129, col 37 to line 129, col 77 of module philosophers: 869
@!@!@ENDMSG 2221 @!@!@
@!@!@STARTMSG 2221:0 @!@!@
  line 130, col 39 to line 130, col 42 of module philosophers: 2113
@!@!@ENDMSG 2221 @!@!@
@!@!@STARTMSG 2221:0 @!@!@
  line 130, col 45 to line 130, col 49 of module philosophers: 2113
@!@!@ENDMSG 2221 @!@!@
@!@!@STARTMSG 2221:0 @!@!@
  line 130, col 52 to line 130, col 56 of module philosophers: 2113
@!@!@ENDMSG 2221 @!@!@
@!@!@STARTMSG 2221:0 @!@!@
  line 130, col 59 to line 130, col 63 of module philosophers: 2113
@!@!@ENDMSG 2221 @!@!@
@!@!@STARTMSG 2221:0 @!@!@
  line 130, col 66 to line 130, col 71 of module philosophers: 2113
@!@!@ENDMSG 2221 @!@!@
@!@!@STARTMSG 2221:0 @!@!@
  line 134, col 17 to line 134, col 52 of module philosophers: 1147
@!@!@ENDMSG 2221 @!@!@
@!@!@STARTMSG 2221:0 @!@!@
  line 135, col 30 to line 135, col 35 of module philosophers: 1147
@!@!@ENDMSG 2221 @!@!@
@!@!@STARTMSG 2221:0 @!@!@
  line 135, col 38 to line 135, col 41 of module philosophers: 1147
@!@!@ENDMSG 2221 @!@!@
@!@!@STARTMSG 2221:0 @!@!@
  line 135, col 44 to line 135, col 48 of module philosophers: 1147
@!@!@ENDMSG 2221 @!@!@
@!@!@STARTMSG 2221:0 @!@!@
  line 135, col 51 to line 135, col 55 of module philosophers: 1147
@!@!@ENDMSG 2221 @!@!@
@!@!@STARTMSG 2221:0 @!@!@
  line 135, col 58 to line 135, col 62 of module philosophers: 1147
@!@!@ENDMSG 2221 @!@!@
@!@!@STARTMSG 2221:0 @!@!@
  line 135, col 65 to line 135, col 70 of module philosophers: 1147
@!@!@ENDMSG 2221 @!@!@
@!@!@STARTMSG 2221:0 @!@!@
  line 138, col 20 to line 139, col 61 of module philosophers: 992
@!@!@ENDMSG 2221 @!@!@
@!@!@STARTMSG 2221:0 @!@!@
  line 140, col 20 to line 140, col 67 of module philosophers: 992
@!@!@ENDMSG 2221 @!@!@
@!@!@STARTMSG 2221:0 @!@!@
  line 141, col 20 to line 141, col 76 of module philosophers: 992
@!@!@ENDMSG 2221 @!@!@
@!@!@STARTMSG 2221:0 @!@!@
  line 142, col 20 to line 142, col 79 of module philosophers: 992
@!@!@ENDMSG 2221 @!@!@
@!@!@STARTMSG 2221:0 @!@!@
  line 143, col 20 to line 143, col 70 of module philosophers: 992
@!@!@ENDMSG 2221 @!@!@
@!@!@STARTMSG 2221:0 @!@!@
  line 144, col 33 to line 144, col 36 of module philosophers: 992
@!@!@ENDMSG 2221 @!@!@
@!@!@STARTMSG 2221:0 @!@!@
  line 144, col 39 to line 144, col 43 of module philosophers: 992
@!@!@ENDMSG 2221 @!@!@
@!@!@STARTMSG 2221:0 @!@!@
  line 150, col 26 to line 150, col 75 of module philosophers: 1739
@!@!@ENDMSG 2221 @!@!@
@!@!@STARTMSG 2221:0 @!@!@
  line 151, col 26 to line 151, col 38 of module philosophers: 1739
@!@!@ENDMSG 2221 @!@!@
@!@!@STARTMSG 2221:0 @!@!@
  line 152, col 29 to line 152, col 67 of module philosophers: 1739
@!@!@ENDMSG 2221 @!@!@
@!@!@STARTMSG 2221:0 @!@!@
  line 153, col 29 to line 153, col 70 of module philosophers: 1739
@!@!@ENDMSG 2221 @!@!@
@!@!@STARTMSG 2221:0 @!@!@
  line 154, col 29 to line 158, col 77 of module philosophers: 1739
@!@!@ENDMSG 2221 @!@!@
@!@!@STARTMSG 2221:0 @!@!@
  line 159, col 26 to line 159, col 66 of module philosophers: 1739
@!@!@ENDMSG 2221 @!@!@
@!@!@STARTMSG 2221:0 @!@!@
  line 160, col 36 to line 160, col 41 of module philosophers: 1739
@!@!@ENDMSG 2221 @!@!@
@!@!@STARTMSG 2221:0 @!@!@
  line 165, col 26 to line 165, col 75 of module philosophers: 596
@!@!@ENDMSG 2221 @!@!@
@!@!@STARTMSG 2221:0 @!@!@
  line 166, col 26 to line 166, col 38 of module philosophers: 596
@!@!@ENDMSG 2221 @!@!@
@!@!@STARTMSG 2221:0 @!@!@
  line 167, col 29 to line 167, col 68 of module philosophers: 596
@!@!@ENDMSG 2221 @!@!@
@!@!@STARTMSG 2221:0 @!@!@
  line 168, col 29 to line 168, col 69 of module philosophers: 596
@!@!@ENDMSG 2221 @!@!@
@!@!@STARTMSG 2221:0 @!@!@
  line 169, col 29 to line 173, col 77 of module philosophers: 596
@!@!@ENDMSG 2221 @!@!@
@!@!@STARTMSG 2221:0 @!@!@
  line 174, col 26 to line 174, col 66 of module philosophers: 596
@!@!@ENDMSG 2221 @!@!@
@!@!@STARTMSG 2221:0 @!@!@
  line 175, col 36 to line 175, col 41 of module philosophers: 596
@!@!@ENDMSG 2221 @!@!@
@!@!@STARTMSG 2202:0 @!@!@
End of statistics.
@!@!@ENDMSG 2202 @!@!@
@!@!@STARTMSG 2200:0 @!@!@
Progress(14) at 2018-08-16 11:45:48: 8694 states generated (251,029 s/min), 3832 distinct states found (110,644 ds/min), 520 states left on queue.
@!@!@ENDMSG 2200 @!@!@
@!@!@STARTMSG 2199:0 @!@!@
8694 states generated, 3832 distinct states found, 520 states left on queue.
@!@!@ENDMSG 2199 @!@!@
@!@!@STARTMSG 2194:0 @!@!@
The depth of the complete state graph search is 14.
@!@!@ENDMSG 2194 @!@!@
@!@!@STARTMSG 2268:0 @!@!@
The average outdegree of the complete state graph is 1 (minimum is 0, the maximum 4 and the 95th percentile is 3).
@!@!@ENDMSG 2268 @!@!@
@!@!@STARTMSG 2186:0 @!@!@
Finished in 2391ms at (2018-08-16 11:45:48)
@!@!@ENDMSG 2186 @!@!@
