@!@!@STARTMSG 2262:0 @!@!@
TLC2 Version 2.13 of 18 July 2018
@!@!@ENDMSG 2262 @!@!@
@!@!@STARTMSG 2187:0 @!@!@
Running breadth-first search Model-Checking with seed -7211054251930558755 with 4 workers on 8 cores with 1214MB heap and 2730MB offheap memory (Mac OS X 10.13.6 x86_64, Oracle Corporation 1.8.0_151 x86_64).
@!@!@ENDMSG 2187 @!@!@
@!@!@STARTMSG 2220:0 @!@!@
Starting SANY...
@!@!@ENDMSG 2220 @!@!@
Parsing file /Users/benjamin/Workspace/git/tlaplus/dekker.toolbox/Model_1/MC.tla
Parsing file /Users/benjamin/Workspace/git/tlaplus/dekker.toolbox/Model_1/dekker.tla
Parsing file /private/var/folders/km/xc2x29pj2873lw14y0bymsc40000gn/T/AppTranslocation/9FDA603B-F419-4773-8960-33B106A697EE/d/TLA+ Toolbox.app/Contents/Eclipse/plugins/org.lamport.tlatools_1.0.0.201807180447/tla2sany/StandardModules/TLC.tla
Parsing file /private/var/folders/km/xc2x29pj2873lw14y0bymsc40000gn/T/AppTranslocation/9FDA603B-F419-4773-8960-33B106A697EE/d/TLA+ Toolbox.app/Contents/Eclipse/plugins/org.lamport.tlatools_1.0.0.201807180447/tla2sany/StandardModules/Integers.tla
Parsing file /private/var/folders/km/xc2x29pj2873lw14y0bymsc40000gn/T/AppTranslocation/9FDA603B-F419-4773-8960-33B106A697EE/d/TLA+ Toolbox.app/Contents/Eclipse/plugins/org.lamport.tlatools_1.0.0.201807180447/tla2sany/StandardModules/Sequences.tla
Parsing file /private/var/folders/km/xc2x29pj2873lw14y0bymsc40000gn/T/AppTranslocation/9FDA603B-F419-4773-8960-33B106A697EE/d/TLA+ Toolbox.app/Contents/Eclipse/plugins/org.lamport.tlatools_1.0.0.201807180447/tla2sany/StandardModules/FiniteSets.tla
Parsing file /private/var/folders/km/xc2x29pj2873lw14y0bymsc40000gn/T/AppTranslocation/9FDA603B-F419-4773-8960-33B106A697EE/d/TLA+ Toolbox.app/Contents/Eclipse/plugins/org.lamport.tlatools_1.0.0.201807180447/tla2sany/StandardModules/Naturals.tla
Semantic processing of module Naturals
Semantic processing of module Sequences
Semantic processing of module FiniteSets
Semantic processing of module TLC
Semantic processing of module Integers
Semantic processing of module dekker
Semantic processing of module MC
@!@!@STARTMSG 2219:0 @!@!@
SANY finished.
@!@!@ENDMSG 2219 @!@!@
@!@!@STARTMSG 2185:0 @!@!@
Starting... (2018-08-15 16:30:56)
@!@!@ENDMSG 2185 @!@!@
@!@!@STARTMSG 2212:0 @!@!@
Implied-temporal checking--satisfiability problem has 3 branches.
@!@!@ENDMSG 2212 @!@!@
@!@!@STARTMSG 2189:0 @!@!@
Computing initial states...
@!@!@ENDMSG 2189 @!@!@
@!@!@STARTMSG 2190:0 @!@!@
Finished computing initial states: 1 distinct state generated.
@!@!@ENDMSG 2190 @!@!@
