@!@!@STARTMSG 2262:0 @!@!@
TLC2 Version 2.13 of 18 July 2018
@!@!@ENDMSG 2262 @!@!@
@!@!@STARTMSG 2187:0 @!@!@
Running breadth-first search Model-Checking with seed -222676839242446948 with 4 workers on 8 cores with 1214MB heap and 2730MB offheap memory (Mac OS X 10.13.6 x86_64, Oracle Corporation 1.8.0_151 x86_64).
@!@!@ENDMSG 2187 @!@!@
@!@!@STARTMSG 2220:0 @!@!@
Starting SANY...
@!@!@ENDMSG 2220 @!@!@
Parsing file /Users/benjamin/Workspace/git/tlaplus/readerwriter.toolbox/Model_1/MC.tla
Parsing file /Users/benjamin/Workspace/git/tlaplus/readerwriter.toolbox/Model_1/readerwriter.tla
Parsing file /private/var/folders/km/xc2x29pj2873lw14y0bymsc40000gn/T/AppTranslocation/9FDA603B-F419-4773-8960-33B106A697EE/d/TLA+ Toolbox.app/Contents/Eclipse/plugins/org.lamport.tlatools_1.0.0.201807180447/tla2sany/StandardModules/TLC.tla
Parsing file /private/var/folders/km/xc2x29pj2873lw14y0bymsc40000gn/T/AppTranslocation/9FDA603B-F419-4773-8960-33B106A697EE/d/TLA+ Toolbox.app/Contents/Eclipse/plugins/org.lamport.tlatools_1.0.0.201807180447/tla2sany/StandardModules/Integers.tla
Parsing file /private/var/folders/km/xc2x29pj2873lw14y0bymsc40000gn/T/AppTranslocation/9FDA603B-F419-4773-8960-33B106A697EE/d/TLA+ Toolbox.app/Contents/Eclipse/plugins/org.lamport.tlatools_1.0.0.201807180447/tla2sany/StandardModules/Sequences.tla
Parsing file /private/var/folders/km/xc2x29pj2873lw14y0bymsc40000gn/T/AppTranslocation/9FDA603B-F419-4773-8960-33B106A697EE/d/TLA+ Toolbox.app/Contents/Eclipse/plugins/org.lamport.tlatools_1.0.0.201807180447/tla2sany/StandardModules/Naturals.tla
Parsing file /private/var/folders/km/xc2x29pj2873lw14y0bymsc40000gn/T/AppTranslocation/9FDA603B-F419-4773-8960-33B106A697EE/d/TLA+ Toolbox.app/Contents/Eclipse/plugins/org.lamport.tlatools_1.0.0.201807180447/tla2sany/StandardModules/FiniteSets.tla
Semantic processing of module Naturals
Semantic processing of module Sequences
Semantic processing of module FiniteSets
Semantic processing of module TLC
Semantic processing of module Integers
Semantic processing of module readerwriter
Semantic processing of module MC
@!@!@STARTMSG 2219:0 @!@!@
SANY finished.
@!@!@ENDMSG 2219 @!@!@
@!@!@STARTMSG 2185:0 @!@!@
Starting... (2018-08-15 10:59:37)
@!@!@ENDMSG 2185 @!@!@
@!@!@STARTMSG 2189:0 @!@!@
Computing initial states...
@!@!@ENDMSG 2189 @!@!@
@!@!@STARTMSG 2190:0 @!@!@
Finished computing initial states: 1 distinct state generated.
@!@!@ENDMSG 2190 @!@!@
@!@!@STARTMSG 2114:1 @!@!@
Deadlock reached.
@!@!@ENDMSG 2114 @!@!@
@!@!@STARTMSG 2121:1 @!@!@
The behavior up to this point is:
@!@!@ENDMSG 2121 @!@!@
@!@!@STARTMSG 2217:4 @!@!@
1: <Initial predicate>
/\ val = [r1 |-> "none", r2 |-> "none"]
/\ pc = [writer |-> "Write", r1 |-> "Read", r2 |-> "Read"]
/\ queue = <<>>
/\ to_write = "hi"

@!@!@ENDMSG 2217 @!@!@
@!@!@STARTMSG 2217:4 @!@!@
2: <Write line 90, col 10 to line 94, col 41 of module readerwriter>
/\ val = [r1 |-> "none", r2 |-> "none"]
/\ pc = [writer |-> "Write", r1 |-> "Read", r2 |-> "Read"]
/\ queue = <<[writer |-> "writer", message |-> "hi", success |-> TRUE]>>
/\ to_write = "hi"

@!@!@ENDMSG 2217 @!@!@
@!@!@STARTMSG 2217:4 @!@!@
3: <Write line 90, col 10 to line 94, col 41 of module readerwriter>
/\ val = [r1 |-> "none", r2 |-> "none"]
/\ pc = [writer |-> "Write", r1 |-> "Read", r2 |-> "Read"]
/\ queue = << [writer |-> "writer", message |-> "hi", success |-> TRUE],
   [writer |-> "writer", message |-> "hi", success |-> TRUE] >>
/\ to_write = "hi"

@!@!@ENDMSG 2217 @!@!@
@!@!@STARTMSG 2217:4 @!@!@
4: <Write line 90, col 10 to line 94, col 41 of module readerwriter>
/\ val = [r1 |-> "none", r2 |-> "none"]
/\ pc = [writer |-> "Write", r1 |-> "Read", r2 |-> "Read"]
/\ queue = << [writer |-> "writer", message |-> "hi", success |-> TRUE],
   [writer |-> "writer", message |-> "hi", success |-> TRUE],
   [writer |-> "writer", message |-> "hi", success |-> TRUE] >>
/\ to_write = "hi"

@!@!@ENDMSG 2217 @!@!@
@!@!@STARTMSG 2217:4 @!@!@
5: <Read line 98, col 15 to line 105, col 35 of module readerwriter>
/\ val = [r1 |-> "hi", r2 |-> "none"]
/\ pc = [writer |-> "Write", r1 |-> "HandleValue", r2 |-> "Read"]
/\ queue = << [writer |-> "writer", message |-> "hi", success |-> TRUE],
   [writer |-> "writer", message |-> "hi", success |-> TRUE] >>
/\ to_write = "hi"

@!@!@ENDMSG 2217 @!@!@
@!@!@STARTMSG 2217:4 @!@!@
6: <Write line 90, col 10 to line 94, col 41 of module readerwriter>
/\ val = [r1 |-> "hi", r2 |-> "none"]
/\ pc = [writer |-> "Write", r1 |-> "HandleValue", r2 |-> "Read"]
/\ queue = << [writer |-> "writer", message |-> "hi", success |-> TRUE],
   [writer |-> "writer", message |-> "hi", success |-> TRUE],
   [writer |-> "writer", message |-> "hi", success |-> TRUE] >>
/\ to_write = "hi"

@!@!@ENDMSG 2217 @!@!@
@!@!@STARTMSG 2217:4 @!@!@
7: <HandleValue line 107, col 22 to line 111, col 60 of module readerwriter>
/\ val = [r1 |-> "hi", r2 |-> "none"]
/\ pc = [writer |-> "Write", r1 |-> "ReadFailure", r2 |-> "Read"]
/\ queue = << [writer |-> "writer", message |-> "hi", success |-> TRUE],
   [writer |-> "writer", message |-> "hi", success |-> TRUE],
   [writer |-> "writer", message |-> "hi", success |-> TRUE] >>
/\ to_write = "hi"

@!@!@ENDMSG 2217 @!@!@
@!@!@STARTMSG 2217:4 @!@!@
8: <Read line 98, col 15 to line 105, col 35 of module readerwriter>
/\ val = [r1 |-> "hi", r2 |-> "hi"]
/\ pc = [writer |-> "Write", r1 |-> "ReadFailure", r2 |-> "HandleValue"]
/\ queue = << [writer |-> "writer", message |-> "hi", success |-> TRUE],
   [writer |-> "writer", message |-> "hi", success |-> TRUE] >>
/\ to_write = "hi"

@!@!@ENDMSG 2217 @!@!@
@!@!@STARTMSG 2217:4 @!@!@
9: <Write line 90, col 10 to line 94, col 41 of module readerwriter>
/\ val = [r1 |-> "hi", r2 |-> "hi"]
/\ pc = [writer |-> "Write", r1 |-> "ReadFailure", r2 |-> "HandleValue"]
/\ queue = << [writer |-> "writer", message |-> "hi", success |-> TRUE],
   [writer |-> "writer", message |-> "hi", success |-> TRUE],
   [writer |-> "writer", message |-> "hi", success |-> TRUE] >>
/\ to_write = "hi"

@!@!@ENDMSG 2217 @!@!@
@!@!@STARTMSG 2217:4 @!@!@
10: <HandleValue line 107, col 22 to line 111, col 60 of module readerwriter>
/\ val = [r1 |-> "hi", r2 |-> "hi"]
/\ pc = [writer |-> "Write", r1 |-> "ReadFailure", r2 |-> "ReadFailure"]
/\ queue = << [writer |-> "writer", message |-> "hi", success |-> TRUE],
   [writer |-> "writer", message |-> "hi", success |-> TRUE],
   [writer |-> "writer", message |-> "hi", success |-> TRUE] >>
/\ to_write = "hi"

@!@!@ENDMSG 2217 @!@!@
@!@!@STARTMSG 2201:0 @!@!@
The coverage statistics at 2018-08-15 10:59:38
@!@!@ENDMSG 2201 @!@!@
@!@!@STARTMSG 2221:0 @!@!@
  line 100, col 29 to line 100, col 77 of module readerwriter: 131
@!@!@ENDMSG 2221 @!@!@
@!@!@STARTMSG 2221:0 @!@!@
  line 101, col 29 to line 101, col 48 of module readerwriter: 131
@!@!@ENDMSG 2221 @!@!@
@!@!@STARTMSG 2221:0 @!@!@
  line 102, col 29 to line 102, col 69 of module readerwriter: 131
@!@!@ENDMSG 2221 @!@!@
@!@!@STARTMSG 2221:0 @!@!@
  line 103, col 29 to line 103, col 65 of module readerwriter: 24
@!@!@ENDMSG 2221 @!@!@
@!@!@STARTMSG 2221:0 @!@!@
  line 104, col 42 to line 104, col 46 of module readerwriter: 24
@!@!@ENDMSG 2221 @!@!@
@!@!@STARTMSG 2221:0 @!@!@
  line 104, col 49 to line 104, col 51 of module readerwriter: 24
@!@!@ENDMSG 2221 @!@!@
@!@!@STARTMSG 2221:0 @!@!@
  line 105, col 28 to line 105, col 35 of module readerwriter: 155
@!@!@ENDMSG 2221 @!@!@
@!@!@STARTMSG 2221:0 @!@!@
  line 109, col 31 to line 109, col 67 of module readerwriter: 74
@!@!@ENDMSG 2221 @!@!@
@!@!@STARTMSG 2221:0 @!@!@
  line 110, col 31 to line 110, col 71 of module readerwriter: 74
@!@!@ENDMSG 2221 @!@!@
@!@!@STARTMSG 2221:0 @!@!@
  line 111, col 38 to line 111, col 42 of module readerwriter: 148
@!@!@ENDMSG 2221 @!@!@
@!@!@STARTMSG 2221:0 @!@!@
  line 111, col 45 to line 111, col 52 of module readerwriter: 148
@!@!@ENDMSG 2221 @!@!@
@!@!@STARTMSG 2221:0 @!@!@
  line 111, col 55 to line 111, col 57 of module readerwriter: 148
@!@!@ENDMSG 2221 @!@!@
@!@!@STARTMSG 2221:0 @!@!@
  line 115, col 25 to line 115, col 107 of module readerwriter: 45
@!@!@ENDMSG 2221 @!@!@
@!@!@STARTMSG 2221:0 @!@!@
  line 116, col 25 to line 116, col 60 of module readerwriter: 45
@!@!@ENDMSG 2221 @!@!@
@!@!@STARTMSG 2221:0 @!@!@
  line 117, col 25 to line 117, col 61 of module readerwriter: 45
@!@!@ENDMSG 2221 @!@!@
@!@!@STARTMSG 2221:0 @!@!@
  line 118, col 35 to line 118, col 42 of module readerwriter: 45
@!@!@ENDMSG 2221 @!@!@
@!@!@STARTMSG 2221:0 @!@!@
  line 121, col 21 to line 121, col 54 of module readerwriter: 186
@!@!@ENDMSG 2221 @!@!@
@!@!@STARTMSG 2221:0 @!@!@
  line 122, col 34 to line 122, col 38 of module readerwriter: 186
@!@!@ENDMSG 2221 @!@!@
@!@!@STARTMSG 2221:0 @!@!@
  line 122, col 41 to line 122, col 48 of module readerwriter: 186
@!@!@ENDMSG 2221 @!@!@
@!@!@STARTMSG 2221:0 @!@!@
  line 122, col 51 to line 122, col 53 of module readerwriter: 186
@!@!@ENDMSG 2221 @!@!@
@!@!@STARTMSG 2221:0 @!@!@
  line 77, col 12 to line 77, col 16 of module readerwriter: 0
@!@!@ENDMSG 2221 @!@!@
@!@!@STARTMSG 2221:0 @!@!@
  line 77, col 19 to line 77, col 20 of module readerwriter: 0
@!@!@ENDMSG 2221 @!@!@
@!@!@STARTMSG 2221:0 @!@!@
  line 77, col 23 to line 77, col 30 of module readerwriter: 0
@!@!@ENDMSG 2221 @!@!@
@!@!@STARTMSG 2221:0 @!@!@
  line 77, col 33 to line 77, col 35 of module readerwriter: 0
@!@!@ENDMSG 2221 @!@!@
@!@!@STARTMSG 2221:0 @!@!@
  line 92, col 13 to line 92, col 97 of module readerwriter: 173
@!@!@ENDMSG 2221 @!@!@
@!@!@STARTMSG 2221:0 @!@!@
  line 93, col 13 to line 93, col 51 of module readerwriter: 173
@!@!@ENDMSG 2221 @!@!@
@!@!@STARTMSG 2221:0 @!@!@
  line 94, col 26 to line 94, col 33 of module readerwriter: 173
@!@!@ENDMSG 2221 @!@!@
@!@!@STARTMSG 2221:0 @!@!@
  line 94, col 36 to line 94, col 38 of module readerwriter: 173
@!@!@ENDMSG 2221 @!@!@
@!@!@STARTMSG 2202:0 @!@!@
End of statistics.
@!@!@ENDMSG 2202 @!@!@
@!@!@STARTMSG 2200:0 @!@!@
Progress(11) at 2018-08-15 10:59:39: 708 states generated (27,638 s/min), 314 distinct states found (12,257 ds/min), 79 states left on queue.
@!@!@ENDMSG 2200 @!@!@
@!@!@STARTMSG 2199:0 @!@!@
708 states generated, 314 distinct states found, 79 states left on queue.
@!@!@ENDMSG 2199 @!@!@
@!@!@STARTMSG 2194:0 @!@!@
The depth of the complete state graph search is 11.
@!@!@ENDMSG 2194 @!@!@
@!@!@STARTMSG 2268:0 @!@!@
The average outdegree of the complete state graph is 1 (minimum is 0, the maximum 4 and the 95th percentile is 3).
@!@!@ENDMSG 2268 @!@!@
@!@!@STARTMSG 2186:0 @!@!@
Finished in 1792ms at (2018-08-15 10:59:39)
@!@!@ENDMSG 2186 @!@!@
