@!@!@STARTMSG 2262:0 @!@!@
TLC2 Version 2.13 of 18 July 2018
@!@!@ENDMSG 2262 @!@!@
@!@!@STARTMSG 2187:0 @!@!@
Running breadth-first search Model-Checking with seed -6305761853518047587 with 4 workers on 8 cores with 1214MB heap and 2730MB offheap memory (Mac OS X 10.13.6 x86_64, Oracle Corporation 1.8.0_151 x86_64).
@!@!@ENDMSG 2187 @!@!@
@!@!@STARTMSG 2220:0 @!@!@
Starting SANY...
@!@!@ENDMSG 2220 @!@!@
Parsing file /Users/benjamin/Workspace/git/tlaplus/dekker.toolbox/Model_1/MC.tla
Parsing file /Users/benjamin/Workspace/git/tlaplus/dekker.toolbox/Model_1/dekker.tla
Parsing file /private/var/folders/km/xc2x29pj2873lw14y0bymsc40000gn/T/AppTranslocation/9FDA603B-F419-4773-8960-33B106A697EE/d/TLA+ Toolbox.app/Contents/Eclipse/plugins/org.lamport.tlatools_1.0.0.201807180447/tla2sany/StandardModules/TLC.tla
Parsing file /private/var/folders/km/xc2x29pj2873lw14y0bymsc40000gn/T/AppTranslocation/9FDA603B-F419-4773-8960-33B106A697EE/d/TLA+ Toolbox.app/Contents/Eclipse/plugins/org.lamport.tlatools_1.0.0.201807180447/tla2sany/StandardModules/Integers.tla
Parsing file /private/var/folders/km/xc2x29pj2873lw14y0bymsc40000gn/T/AppTranslocation/9FDA603B-F419-4773-8960-33B106A697EE/d/TLA+ Toolbox.app/Contents/Eclipse/plugins/org.lamport.tlatools_1.0.0.201807180447/tla2sany/StandardModules/Sequences.tla
Parsing file /private/var/folders/km/xc2x29pj2873lw14y0bymsc40000gn/T/AppTranslocation/9FDA603B-F419-4773-8960-33B106A697EE/d/TLA+ Toolbox.app/Contents/Eclipse/plugins/org.lamport.tlatools_1.0.0.201807180447/tla2sany/StandardModules/FiniteSets.tla
Parsing file /private/var/folders/km/xc2x29pj2873lw14y0bymsc40000gn/T/AppTranslocation/9FDA603B-F419-4773-8960-33B106A697EE/d/TLA+ Toolbox.app/Contents/Eclipse/plugins/org.lamport.tlatools_1.0.0.201807180447/tla2sany/StandardModules/Naturals.tla
Semantic processing of module Naturals
Semantic processing of module Sequences
Semantic processing of module FiniteSets
Semantic processing of module TLC
Semantic processing of module Integers
Semantic processing of module dekker
Semantic processing of module MC
@!@!@STARTMSG 2219:0 @!@!@
SANY finished.
@!@!@ENDMSG 2219 @!@!@
@!@!@STARTMSG 2185:0 @!@!@
Starting... (2018-08-15 16:13:05)
@!@!@ENDMSG 2185 @!@!@
@!@!@STARTMSG 2212:0 @!@!@
Implied-temporal checking--satisfiability problem has 3 branches.
@!@!@ENDMSG 2212 @!@!@
@!@!@STARTMSG 2189:0 @!@!@
Computing initial states...
@!@!@ENDMSG 2189 @!@!@
@!@!@STARTMSG 2190:0 @!@!@
Finished computing initial states: 1 distinct state generated.
@!@!@ENDMSG 2190 @!@!@
@!@!@STARTMSG 2200:0 @!@!@
Progress(44) at 2018-08-15 16:13:08: 7894 states generated, 2823 distinct states found, 0 states left on queue.
@!@!@ENDMSG 2200 @!@!@
@!@!@STARTMSG 2192:0 @!@!@
Checking 3 branches of temporal properties for the complete state space with 8469 total distinct states at (2018-08-15 16:13:08)
@!@!@ENDMSG 2192 @!@!@
@!@!@STARTMSG 2116:1 @!@!@
Temporal properties were violated.

@!@!@ENDMSG 2116 @!@!@
@!@!@STARTMSG 2264:1 @!@!@
The following behavior constitutes a counter-example:

@!@!@ENDMSG 2264 @!@!@
@!@!@STARTMSG 2217:4 @!@!@
1: <Initial predicate>
/\ next = 1
/\ pc = <<"P1", "P1", "P1">>
/\ flags = <<FALSE, FALSE, FALSE>>

@!@!@ENDMSG 2217 @!@!@
@!@!@STARTMSG 2217:4 @!@!@
2: <P1 line 66, col 13 to line 69, col 27 of module dekker>
/\ next = 1
/\ pc = <<"P1", "P1", "P2">>
/\ flags = <<FALSE, FALSE, TRUE>>

@!@!@ENDMSG 2217 @!@!@
@!@!@STARTMSG 2217:4 @!@!@
3: <P1 line 66, col 13 to line 69, col 27 of module dekker>
/\ next = 1
/\ pc = <<"P2", "P1", "P2">>
/\ flags = <<TRUE, FALSE, TRUE>>

@!@!@ENDMSG 2217 @!@!@
@!@!@STARTMSG 2217:4 @!@!@
4: <P2 line 71, col 13 to line 75, col 42 of module dekker>
/\ next = 1
/\ pc = <<"CS", "P1", "P2">>
/\ flags = <<TRUE, FALSE, TRUE>>

@!@!@ENDMSG 2217 @!@!@
@!@!@STARTMSG 2217:4 @!@!@
5: <P1 line 66, col 13 to line 69, col 27 of module dekker>
/\ next = 1
/\ pc = <<"CS", "P2", "P2">>
/\ flags = <<TRUE, TRUE, TRUE>>

@!@!@ENDMSG 2217 @!@!@
@!@!@STARTMSG 2217:4 @!@!@
6: <P2 line 71, col 13 to line 75, col 42 of module dekker>
/\ next = 1
/\ pc = <<"CS", "P2", "P2_1">>
/\ flags = <<TRUE, TRUE, TRUE>>

@!@!@ENDMSG 2217 @!@!@
@!@!@STARTMSG 2217:4 @!@!@
7: <CS line 98, col 13 to line 101, col 42 of module dekker>
/\ next = 1
/\ pc = <<"P3", "P2", "P2_1">>
/\ flags = <<TRUE, TRUE, TRUE>>

@!@!@ENDMSG 2217 @!@!@
@!@!@STARTMSG 2217:4 @!@!@
8: <P3 line 103, col 13 to line 108, col 29 of module dekker>
/\ next = 2
/\ pc = <<"P4", "P2", "P2_1">>
/\ flags = <<TRUE, TRUE, TRUE>>

@!@!@ENDMSG 2217 @!@!@
@!@!@STARTMSG 2217:4 @!@!@
9: <P4 line 110, col 13 to line 113, col 27 of module dekker>
/\ next = 2
/\ pc = <<"P5", "P2", "P2_1">>
/\ flags = <<FALSE, TRUE, TRUE>>

@!@!@ENDMSG 2217 @!@!@
@!@!@STARTMSG 2217:4 @!@!@
10: <P5 line 115, col 13 to line 117, col 42 of module dekker>
/\ next = 2
/\ pc = <<"P1", "P2", "P2_1">>
/\ flags = <<FALSE, TRUE, TRUE>>

@!@!@ENDMSG 2217 @!@!@
@!@!@STARTMSG 2217:4 @!@!@
11: <P2 line 71, col 13 to line 75, col 42 of module dekker>
/\ next = 2
/\ pc = <<"P1", "CS", "P2_1">>
/\ flags = <<FALSE, TRUE, TRUE>>

@!@!@ENDMSG 2217 @!@!@
@!@!@STARTMSG 2217:4 @!@!@
12: <CS line 98, col 13 to line 101, col 42 of module dekker>
/\ next = 2
/\ pc = <<"P1", "P3", "P2_1">>
/\ flags = <<FALSE, TRUE, TRUE>>

@!@!@ENDMSG 2217 @!@!@
@!@!@STARTMSG 2217:4 @!@!@
13: <P3 line 103, col 13 to line 108, col 29 of module dekker>
/\ next = 3
/\ pc = <<"P1", "P4", "P2_1">>
/\ flags = <<FALSE, TRUE, TRUE>>

@!@!@ENDMSG 2217 @!@!@
@!@!@STARTMSG 2217:4 @!@!@
14: <P1 line 66, col 13 to line 69, col 27 of module dekker>
/\ next = 3
/\ pc = <<"P2", "P4", "P2_1">>
/\ flags = <<TRUE, TRUE, TRUE>>

@!@!@ENDMSG 2217 @!@!@
@!@!@STARTMSG 2217:4 @!@!@
15: <P4 line 110, col 13 to line 113, col 27 of module dekker>
/\ next = 3
/\ pc = <<"P2", "P5", "P2_1">>
/\ flags = <<TRUE, FALSE, TRUE>>

@!@!@ENDMSG 2217 @!@!@
@!@!@STARTMSG 2217:4 @!@!@
16: <P2 line 71, col 13 to line 75, col 42 of module dekker>
/\ next = 3
/\ pc = <<"CS", "P5", "P2_1">>
/\ flags = <<TRUE, FALSE, TRUE>>

@!@!@ENDMSG 2217 @!@!@
@!@!@STARTMSG 2217:4 @!@!@
17: <P2_1 line 77, col 15 to line 81, col 44 of module dekker>
/\ next = 3
/\ pc = <<"CS", "P5", "P2">>
/\ flags = <<TRUE, FALSE, TRUE>>

@!@!@ENDMSG 2217 @!@!@
@!@!@STARTMSG 2217:4 @!@!@
18: <P5 line 115, col 13 to line 117, col 42 of module dekker>
/\ next = 3
/\ pc = <<"CS", "P1", "P2">>
/\ flags = <<TRUE, FALSE, TRUE>>

@!@!@ENDMSG 2217 @!@!@
@!@!@STARTMSG 2217:4 @!@!@
19: <CS line 98, col 13 to line 101, col 42 of module dekker>
/\ next = 3
/\ pc = <<"P3", "P1", "P2">>
/\ flags = <<TRUE, FALSE, TRUE>>

@!@!@ENDMSG 2217 @!@!@
@!@!@STARTMSG 2217:4 @!@!@
20: <P3 line 103, col 13 to line 108, col 29 of module dekker>
/\ next = 1
/\ pc = <<"P4", "P1", "P2">>
/\ flags = <<TRUE, FALSE, TRUE>>

@!@!@ENDMSG 2217 @!@!@
@!@!@STARTMSG 2217:4 @!@!@
21: <P4 line 110, col 13 to line 113, col 27 of module dekker>
/\ next = 1
/\ pc = <<"P5", "P1", "P2">>
/\ flags = <<FALSE, FALSE, TRUE>>

@!@!@ENDMSG 2217 @!@!@
@!@!@STARTMSG 2217:4 @!@!@
22: <P5 line 115, col 13 to line 117, col 42 of module dekker>
/\ next = 1
/\ pc = <<"P1", "P1", "P2">>
/\ flags = <<FALSE, FALSE, TRUE>>

@!@!@ENDMSG 2217 @!@!@
@!@!@STARTMSG 2122:4 @!@!@
3: Back to state: <P1 line 66, col 13 to line 69, col 27 of module dekker>

@!@!@ENDMSG 2122 @!@!@
@!@!@STARTMSG 2267:0 @!@!@
Finished checking temporal properties in 00s at 2018-08-15 16:13:08
@!@!@ENDMSG 2267 @!@!@
@!@!@STARTMSG 2201:0 @!@!@
The coverage statistics at 2018-08-15 16:13:08
@!@!@ENDMSG 2201 @!@!@
@!@!@STARTMSG 2221:0 @!@!@
  line 100, col 16 to line 100, col 47 of module dekker: 807
@!@!@ENDMSG 2221 @!@!@
@!@!@STARTMSG 2221:0 @!@!@
  line 101, col 29 to line 101, col 33 of module dekker: 807
@!@!@ENDMSG 2221 @!@!@
@!@!@STARTMSG 2221:0 @!@!@
  line 101, col 36 to line 101, col 39 of module dekker: 807
@!@!@ENDMSG 2221 @!@!@
@!@!@STARTMSG 2221:0 @!@!@
  line 105, col 27 to line 105, col 35 of module dekker: 269
@!@!@ENDMSG 2221 @!@!@
@!@!@STARTMSG 2221:0 @!@!@
  line 106, col 27 to line 106, col 42 of module dekker: 538
@!@!@ENDMSG 2221 @!@!@
@!@!@STARTMSG 2221:0 @!@!@
  line 107, col 16 to line 107, col 47 of module dekker: 807
@!@!@ENDMSG 2221 @!@!@
@!@!@STARTMSG 2221:0 @!@!@
  line 108, col 16 to line 108, col 29 of module dekker: 807
@!@!@ENDMSG 2221 @!@!@
@!@!@STARTMSG 2221:0 @!@!@
  line 111, col 16 to line 111, col 54 of module dekker: 819
@!@!@ENDMSG 2221 @!@!@
@!@!@STARTMSG 2221:0 @!@!@
  line 112, col 16 to line 112, col 47 of module dekker: 819
@!@!@ENDMSG 2221 @!@!@
@!@!@STARTMSG 2221:0 @!@!@
  line 113, col 16 to line 113, col 27 of module dekker: 819
@!@!@ENDMSG 2221 @!@!@
@!@!@STARTMSG 2221:0 @!@!@
  line 116, col 16 to line 116, col 47 of module dekker: 900
@!@!@ENDMSG 2221 @!@!@
@!@!@STARTMSG 2221:0 @!@!@
  line 117, col 29 to line 117, col 33 of module dekker: 900
@!@!@ENDMSG 2221 @!@!@
@!@!@STARTMSG 2221:0 @!@!@
  line 117, col 36 to line 117, col 39 of module dekker: 900
@!@!@ENDMSG 2221 @!@!@
@!@!@STARTMSG 2221:0 @!@!@
  line 57, col 12 to line 57, col 16 of module dekker: 0
@!@!@ENDMSG 2221 @!@!@
@!@!@STARTMSG 2221:0 @!@!@
  line 57, col 19 to line 57, col 22 of module dekker: 0
@!@!@ENDMSG 2221 @!@!@
@!@!@STARTMSG 2221:0 @!@!@
  line 57, col 25 to line 57, col 26 of module dekker: 0
@!@!@ENDMSG 2221 @!@!@
@!@!@STARTMSG 2221:0 @!@!@
  line 67, col 16 to line 67, col 53 of module dekker: 900
@!@!@ENDMSG 2221 @!@!@
@!@!@STARTMSG 2221:0 @!@!@
  line 68, col 16 to line 68, col 47 of module dekker: 900
@!@!@ENDMSG 2221 @!@!@
@!@!@STARTMSG 2221:0 @!@!@
  line 69, col 16 to line 69, col 27 of module dekker: 900
@!@!@ENDMSG 2221 @!@!@
@!@!@STARTMSG 2221:0 @!@!@
  line 73, col 27 to line 73, col 60 of module dekker: 324
@!@!@ENDMSG 2221 @!@!@
@!@!@STARTMSG 2221:0 @!@!@
  line 74, col 27 to line 74, col 58 of module dekker: 576
@!@!@ENDMSG 2221 @!@!@
@!@!@STARTMSG 2221:0 @!@!@
  line 75, col 29 to line 75, col 33 of module dekker: 900
@!@!@ENDMSG 2221 @!@!@
@!@!@STARTMSG 2221:0 @!@!@
  line 75, col 36 to line 75, col 39 of module dekker: 900
@!@!@ENDMSG 2221 @!@!@
@!@!@STARTMSG 2221:0 @!@!@
  line 79, col 29 to line 79, col 64 of module dekker: 576
@!@!@ENDMSG 2221 @!@!@
@!@!@STARTMSG 2221:0 @!@!@
  line 80, col 29 to line 80, col 60 of module dekker: 279
@!@!@ENDMSG 2221 @!@!@
@!@!@STARTMSG 2221:0 @!@!@
  line 81, col 31 to line 81, col 35 of module dekker: 855
@!@!@ENDMSG 2221 @!@!@
@!@!@STARTMSG 2221:0 @!@!@
  line 81, col 38 to line 81, col 41 of module dekker: 855
@!@!@ENDMSG 2221 @!@!@
@!@!@STARTMSG 2221:0 @!@!@
  line 84, col 20 to line 84, col 58 of module dekker: 843
@!@!@ENDMSG 2221 @!@!@
@!@!@STARTMSG 2221:0 @!@!@
  line 85, col 20 to line 85, col 55 of module dekker: 843
@!@!@ENDMSG 2221 @!@!@
@!@!@STARTMSG 2221:0 @!@!@
  line 86, col 20 to line 86, col 31 of module dekker: 843
@!@!@ENDMSG 2221 @!@!@
@!@!@STARTMSG 2221:0 @!@!@
  line 90, col 20 to line 90, col 55 of module dekker: 279
@!@!@ENDMSG 2221 @!@!@
@!@!@STARTMSG 2221:0 @!@!@
  line 91, col 33 to line 91, col 37 of module dekker: 279
@!@!@ENDMSG 2221 @!@!@
@!@!@STARTMSG 2221:0 @!@!@
  line 91, col 40 to line 91, col 43 of module dekker: 279
@!@!@ENDMSG 2221 @!@!@
@!@!@STARTMSG 2221:0 @!@!@
  line 94, col 20 to line 94, col 57 of module dekker: 783
@!@!@ENDMSG 2221 @!@!@
@!@!@STARTMSG 2221:0 @!@!@
  line 95, col 20 to line 95, col 51 of module dekker: 783
@!@!@ENDMSG 2221 @!@!@
@!@!@STARTMSG 2221:0 @!@!@
  line 96, col 20 to line 96, col 31 of module dekker: 783
@!@!@ENDMSG 2221 @!@!@
@!@!@STARTMSG 2202:0 @!@!@
End of statistics.
@!@!@ENDMSG 2202 @!@!@
@!@!@STARTMSG 2200:0 @!@!@
Progress(44) at 2018-08-15 16:13:08: 7894 states generated (218,872 s/min), 2823 distinct states found (78,271 ds/min), 0 states left on queue.
@!@!@ENDMSG 2200 @!@!@
@!@!@STARTMSG 2199:0 @!@!@
7894 states generated, 2823 distinct states found, 0 states left on queue.
@!@!@ENDMSG 2199 @!@!@
@!@!@STARTMSG 2186:0 @!@!@
Finished in 2466ms at (2018-08-15 16:13:08)
@!@!@ENDMSG 2186 @!@!@
