@!@!@STARTMSG 2262:0 @!@!@
TLC2 Version 2.13 of 18 July 2018
@!@!@ENDMSG 2262 @!@!@
@!@!@STARTMSG 2187:0 @!@!@
Running breadth-first search Model-Checking with seed -3229735068764617345 with 4 workers on 8 cores with 1214MB heap and 2730MB offheap memory (Mac OS X 10.13.6 x86_64, Oracle Corporation 1.8.0_151 x86_64).
@!@!@ENDMSG 2187 @!@!@
@!@!@STARTMSG 2220:0 @!@!@
Starting SANY...
@!@!@ENDMSG 2220 @!@!@
Parsing file /Users/benjamin/Workspace/git/tlaplus/max.toolbox/Model_1/MC.tla
Parsing file /Users/benjamin/Workspace/git/tlaplus/max.toolbox/Model_1/max.tla
Parsing file /private/var/folders/km/xc2x29pj2873lw14y0bymsc40000gn/T/AppTranslocation/9FDA603B-F419-4773-8960-33B106A697EE/d/TLA+ Toolbox.app/Contents/Eclipse/plugins/org.lamport.tlatools_1.0.0.201807180447/tla2sany/StandardModules/TLC.tla
Parsing file /private/var/folders/km/xc2x29pj2873lw14y0bymsc40000gn/T/AppTranslocation/9FDA603B-F419-4773-8960-33B106A697EE/d/TLA+ Toolbox.app/Contents/Eclipse/plugins/org.lamport.tlatools_1.0.0.201807180447/tla2sany/StandardModules/Integers.tla
Parsing file /private/var/folders/km/xc2x29pj2873lw14y0bymsc40000gn/T/AppTranslocation/9FDA603B-F419-4773-8960-33B106A697EE/d/TLA+ Toolbox.app/Contents/Eclipse/plugins/org.lamport.tlatools_1.0.0.201807180447/tla2sany/StandardModules/Sequences.tla
Parsing file /private/var/folders/km/xc2x29pj2873lw14y0bymsc40000gn/T/AppTranslocation/9FDA603B-F419-4773-8960-33B106A697EE/d/TLA+ Toolbox.app/Contents/Eclipse/plugins/org.lamport.tlatools_1.0.0.201807180447/tla2sany/StandardModules/Naturals.tla
Parsing file /private/var/folders/km/xc2x29pj2873lw14y0bymsc40000gn/T/AppTranslocation/9FDA603B-F419-4773-8960-33B106A697EE/d/TLA+ Toolbox.app/Contents/Eclipse/plugins/org.lamport.tlatools_1.0.0.201807180447/tla2sany/StandardModules/FiniteSets.tla
Semantic processing of module Naturals
Semantic processing of module Integers
Semantic processing of module Sequences
Semantic processing of module FiniteSets
Semantic processing of module TLC
Semantic processing of module max
Semantic processing of module MC
@!@!@STARTMSG 2219:0 @!@!@
SANY finished.
@!@!@ENDMSG 2219 @!@!@
@!@!@STARTMSG 2185:0 @!@!@
Starting... (2018-08-14 14:32:08)
@!@!@ENDMSG 2185 @!@!@
@!@!@STARTMSG 2189:0 @!@!@
Computing initial states...
@!@!@ENDMSG 2189 @!@!@
@!@!@STARTMSG 1000:1 @!@!@
@!@!@STARTMSG 2154:0 @!@!@
Attempted to apply the operator overridden by the Java method
public static tlc2.value.IntervalValue tlc2.module.Integers.DotDot(tlc2.value.IntValue,tlc2.value.IntValue),
but it produced the following error:
Cannot cast tlc2.value.IntervalValue to tlc2.value.IntValue
@!@!@ENDMSG 2154 @!@!@
@!@!@ENDMSG 1000 @!@!@
@!@!@STARTMSG 2103:1 @!@!@
The error occurred when TLC was evaluating the nested
expressions at the following positions:
0. Line 47, column 9 to line 51, column 23 in max
1. Line 47, column 12 to line 47, column 19 in max
2. Line 48, column 12 to line 48, column 38 in max
3. Line 48, column 22 to line 48, column 38 in max
4. Line 48, column 23 to line 48, column 26 in max


@!@!@ENDMSG 2103 @!@!@
@!@!@STARTMSG 2201:0 @!@!@
The coverage statistics at 2018-08-14 14:32:09
@!@!@ENDMSG 2201 @!@!@
@!@!@STARTMSG 2221:0 @!@!@
  line 44, col 12 to line 44, col 12 of module max: 0
@!@!@ENDMSG 2221 @!@!@
@!@!@STARTMSG 2221:0 @!@!@
  line 44, col 15 to line 44, col 19 of module max: 0
@!@!@ENDMSG 2221 @!@!@
@!@!@STARTMSG 2221:0 @!@!@
  line 44, col 22 to line 44, col 24 of module max: 0
@!@!@ENDMSG 2221 @!@!@
@!@!@STARTMSG 2221:0 @!@!@
  line 44, col 27 to line 44, col 27 of module max: 0
@!@!@ENDMSG 2221 @!@!@
@!@!@STARTMSG 2221:0 @!@!@
  line 44, col 30 to line 44, col 31 of module max: 0
@!@!@ENDMSG 2221 @!@!@
@!@!@STARTMSG 2221:0 @!@!@
  line 56, col 35 to line 56, col 49 of module max: 0
@!@!@ENDMSG 2221 @!@!@
@!@!@STARTMSG 2221:0 @!@!@
  line 58, col 35 to line 58, col 44 of module max: 0
@!@!@ENDMSG 2221 @!@!@
@!@!@STARTMSG 2221:0 @!@!@
  line 59, col 24 to line 59, col 31 of module max: 0
@!@!@ENDMSG 2221 @!@!@
@!@!@STARTMSG 2221:0 @!@!@
  line 60, col 24 to line 60, col 36 of module max: 0
@!@!@ENDMSG 2221 @!@!@
@!@!@STARTMSG 2221:0 @!@!@
  line 63, col 24 to line 63, col 35 of module max: 0
@!@!@ENDMSG 2221 @!@!@
@!@!@STARTMSG 2221:0 @!@!@
  line 64, col 37 to line 64, col 39 of module max: 0
@!@!@ENDMSG 2221 @!@!@
@!@!@STARTMSG 2221:0 @!@!@
  line 64, col 42 to line 64, col 42 of module max: 0
@!@!@ENDMSG 2221 @!@!@
@!@!@STARTMSG 2221:0 @!@!@
  line 65, col 26 to line 65, col 26 of module max: 0
@!@!@ENDMSG 2221 @!@!@
@!@!@STARTMSG 2221:0 @!@!@
  line 65, col 29 to line 65, col 33 of module max: 0
@!@!@ENDMSG 2221 @!@!@
@!@!@STARTMSG 2202:0 @!@!@
End of statistics.
@!@!@ENDMSG 2202 @!@!@
@!@!@STARTMSG 2200:0 @!@!@
Progress(0) at 2018-08-14 14:32:09: 0 states generated (0 s/min), 0 distinct states found (0 ds/min), 0 states left on queue.
@!@!@ENDMSG 2200 @!@!@
@!@!@STARTMSG 2199:0 @!@!@
0 states generated, 0 distinct states found, 0 states left on queue.
@!@!@ENDMSG 2199 @!@!@
@!@!@STARTMSG 2186:0 @!@!@
Finished in 1037ms at (2018-08-14 14:32:09)
@!@!@ENDMSG 2186 @!@!@
