@!@!@STARTMSG 2262:0 @!@!@
TLC2 Version 2.13 of 18 July 2018
@!@!@ENDMSG 2262 @!@!@
@!@!@STARTMSG 2187:0 @!@!@
Running breadth-first search Model-Checking with seed -2353249939641210204 with 4 workers on 8 cores with 1214MB heap and 2730MB offheap memory (Mac OS X 10.13.6 x86_64, Oracle Corporation 1.8.0_151 x86_64).
@!@!@ENDMSG 2187 @!@!@
@!@!@STARTMSG 2220:0 @!@!@
Starting SANY...
@!@!@ENDMSG 2220 @!@!@
Parsing file /Users/benjamin/Workspace/git/tlaplus/bounded_buffer.toolbox/Model_1/MC.tla
Parsing file /Users/benjamin/Workspace/git/tlaplus/bounded_buffer.toolbox/Model_1/bounded_buffer.tla
Parsing file /private/var/folders/km/xc2x29pj2873lw14y0bymsc40000gn/T/AppTranslocation/9FDA603B-F419-4773-8960-33B106A697EE/d/TLA+ Toolbox.app/Contents/Eclipse/plugins/org.lamport.tlatools_1.0.0.201807180447/tla2sany/StandardModules/TLC.tla
Parsing file /private/var/folders/km/xc2x29pj2873lw14y0bymsc40000gn/T/AppTranslocation/9FDA603B-F419-4773-8960-33B106A697EE/d/TLA+ Toolbox.app/Contents/Eclipse/plugins/org.lamport.tlatools_1.0.0.201807180447/tla2sany/StandardModules/Integers.tla
Parsing file /private/var/folders/km/xc2x29pj2873lw14y0bymsc40000gn/T/AppTranslocation/9FDA603B-F419-4773-8960-33B106A697EE/d/TLA+ Toolbox.app/Contents/Eclipse/plugins/org.lamport.tlatools_1.0.0.201807180447/tla2sany/StandardModules/Sequences.tla
Parsing file /private/var/folders/km/xc2x29pj2873lw14y0bymsc40000gn/T/AppTranslocation/9FDA603B-F419-4773-8960-33B106A697EE/d/TLA+ Toolbox.app/Contents/Eclipse/plugins/org.lamport.tlatools_1.0.0.201807180447/tla2sany/StandardModules/Naturals.tla
Parsing file /private/var/folders/km/xc2x29pj2873lw14y0bymsc40000gn/T/AppTranslocation/9FDA603B-F419-4773-8960-33B106A697EE/d/TLA+ Toolbox.app/Contents/Eclipse/plugins/org.lamport.tlatools_1.0.0.201807180447/tla2sany/StandardModules/FiniteSets.tla
Semantic processing of module Naturals
Semantic processing of module Sequences
Semantic processing of module FiniteSets
Semantic processing of module TLC
Semantic processing of module Integers
Semantic processing of module bounded_buffer
Semantic processing of module MC
@!@!@STARTMSG 2219:0 @!@!@
SANY finished.
@!@!@ENDMSG 2219 @!@!@
@!@!@STARTMSG 2185:0 @!@!@
Starting... (2018-08-15 12:39:41)
@!@!@ENDMSG 2185 @!@!@
@!@!@STARTMSG 2189:0 @!@!@
Computing initial states...
@!@!@ENDMSG 2189 @!@!@
@!@!@STARTMSG 2190:0 @!@!@
Finished computing initial states: 1 distinct state generated.
@!@!@ENDMSG 2190 @!@!@
@!@!@STARTMSG 2114:1 @!@!@
Deadlock reached.
@!@!@ENDMSG 2114 @!@!@
@!@!@STARTMSG 2121:1 @!@!@
The behavior up to this point is:
@!@!@ENDMSG 2121 @!@!@
@!@!@STARTMSG 2217:4 @!@!@
1: <Initial predicate>
/\ awake = {w1, w2, r1}
/\ sleeping = {}
/\ pc = (w1 :> "Write" @@ w2 :> "Write" @@ r1 :> "Read")
/\ occupied = 0

@!@!@ENDMSG 2217 @!@!@
@!@!@STARTMSG 2217:4 @!@!@
2: <Write line 72, col 16 to line 85, col 64 of module bounded_buffer>
/\ awake = {w1, w2, r1}
/\ sleeping = {}
/\ pc = (w1 :> "Write" @@ w2 :> "Write" @@ r1 :> "Read")
/\ occupied = 1

@!@!@ENDMSG 2217 @!@!@
@!@!@STARTMSG 2217:4 @!@!@
3: <Write line 72, col 16 to line 85, col 64 of module bounded_buffer>
/\ awake = {w2, r1}
/\ sleeping = {w1}
/\ pc = (w1 :> "WriteSleep" @@ w2 :> "Write" @@ r1 :> "Read")
/\ occupied = 1

@!@!@ENDMSG 2217 @!@!@
@!@!@STARTMSG 2217:4 @!@!@
4: <Write line 72, col 16 to line 85, col 64 of module bounded_buffer>
/\ awake = {r1}
/\ sleeping = {w1, w2}
/\ pc = (w1 :> "WriteSleep" @@ w2 :> "WriteSleep" @@ r1 :> "Read")
/\ occupied = 1

@!@!@ENDMSG 2217 @!@!@
@!@!@STARTMSG 2217:4 @!@!@
5: <Read line 94, col 15 to line 107, col 62 of module bounded_buffer>
/\ awake = {w1, r1}
/\ sleeping = {w2}
/\ pc = (w1 :> "WriteSleep" @@ w2 :> "WriteSleep" @@ r1 :> "Read")
/\ occupied = 0

@!@!@ENDMSG 2217 @!@!@
@!@!@STARTMSG 2217:4 @!@!@
6: <Read line 94, col 15 to line 107, col 62 of module bounded_buffer>
/\ awake = {w1}
/\ sleeping = {w2, r1}
/\ pc = (w1 :> "WriteSleep" @@ w2 :> "WriteSleep" @@ r1 :> "ReadSleep")
/\ occupied = 0

@!@!@ENDMSG 2217 @!@!@
@!@!@STARTMSG 2217:4 @!@!@
7: <WriteSleep line 87, col 21 to line 90, col 64 of module bounded_buffer>
/\ awake = {w1}
/\ sleeping = {w2, r1}
/\ pc = (w1 :> "Write" @@ w2 :> "WriteSleep" @@ r1 :> "ReadSleep")
/\ occupied = 0

@!@!@ENDMSG 2217 @!@!@
@!@!@STARTMSG 2217:4 @!@!@
8: <Write line 72, col 16 to line 85, col 64 of module bounded_buffer>
/\ awake = {w1, w2}
/\ sleeping = {r1}
/\ pc = (w1 :> "Write" @@ w2 :> "WriteSleep" @@ r1 :> "ReadSleep")
/\ occupied = 1

@!@!@ENDMSG 2217 @!@!@
@!@!@STARTMSG 2217:4 @!@!@
9: <Write line 72, col 16 to line 85, col 64 of module bounded_buffer>
/\ awake = {w2}
/\ sleeping = {w1, r1}
/\ pc = (w1 :> "WriteSleep" @@ w2 :> "WriteSleep" @@ r1 :> "ReadSleep")
/\ occupied = 1

@!@!@ENDMSG 2217 @!@!@
@!@!@STARTMSG 2217:4 @!@!@
10: <WriteSleep line 87, col 21 to line 90, col 64 of module bounded_buffer>
/\ awake = {w2}
/\ sleeping = {w1, r1}
/\ pc = (w1 :> "WriteSleep" @@ w2 :> "Write" @@ r1 :> "ReadSleep")
/\ occupied = 1

@!@!@ENDMSG 2217 @!@!@
@!@!@STARTMSG 2217:4 @!@!@
11: <Write line 72, col 16 to line 85, col 64 of module bounded_buffer>
/\ awake = {}
/\ sleeping = {w1, w2, r1}
/\ pc = (w1 :> "WriteSleep" @@ w2 :> "WriteSleep" @@ r1 :> "ReadSleep")
/\ occupied = 1

@!@!@ENDMSG 2217 @!@!@
@!@!@STARTMSG 2201:0 @!@!@
The coverage statistics at 2018-08-15 12:39:42
@!@!@ENDMSG 2201 @!@!@
@!@!@STARTMSG 2221:0 @!@!@
  line 102, col 45 to line 102, col 71 of module bounded_buffer: 4
@!@!@ENDMSG 2221 @!@!@
@!@!@STARTMSG 2221:0 @!@!@
  line 103, col 45 to line 103, col 70 of module bounded_buffer: 4
@!@!@ENDMSG 2221 @!@!@
@!@!@STARTMSG 2221:0 @!@!@
  line 105, col 53 to line 105, col 57 of module bounded_buffer: 2
@!@!@ENDMSG 2221 @!@!@
@!@!@STARTMSG 2221:0 @!@!@
  line 105, col 60 to line 105, col 67 of module bounded_buffer: 2
@!@!@ENDMSG 2221 @!@!@
@!@!@STARTMSG 2221:0 @!@!@
  line 106, col 29 to line 106, col 52 of module bounded_buffer: 6
@!@!@ENDMSG 2221 @!@!@
@!@!@STARTMSG 2221:0 @!@!@
  line 107, col 29 to line 107, col 62 of module bounded_buffer: 6
@!@!@ENDMSG 2221 @!@!@
@!@!@STARTMSG 2221:0 @!@!@
  line 111, col 23 to line 111, col 56 of module bounded_buffer: 5
@!@!@ENDMSG 2221 @!@!@
@!@!@STARTMSG 2221:0 @!@!@
  line 112, col 36 to line 112, col 43 of module bounded_buffer: 5
@!@!@ENDMSG 2221 @!@!@
@!@!@STARTMSG 2221:0 @!@!@
  line 112, col 46 to line 112, col 50 of module bounded_buffer: 5
@!@!@ENDMSG 2221 @!@!@
@!@!@STARTMSG 2221:0 @!@!@
  line 112, col 53 to line 112, col 60 of module bounded_buffer: 5
@!@!@ENDMSG 2221 @!@!@
@!@!@STARTMSG 2221:0 @!@!@
  line 61, col 12 to line 61, col 19 of module bounded_buffer: 0
@!@!@ENDMSG 2221 @!@!@
@!@!@STARTMSG 2221:0 @!@!@
  line 61, col 22 to line 61, col 26 of module bounded_buffer: 0
@!@!@ENDMSG 2221 @!@!@
@!@!@STARTMSG 2221:0 @!@!@
  line 61, col 29 to line 61, col 36 of module bounded_buffer: 0
@!@!@ENDMSG 2221 @!@!@
@!@!@STARTMSG 2221:0 @!@!@
  line 61, col 39 to line 61, col 40 of module bounded_buffer: 0
@!@!@ENDMSG 2221 @!@!@
@!@!@STARTMSG 2221:0 @!@!@
  line 74, col 30 to line 74, col 52 of module bounded_buffer: 12
@!@!@ENDMSG 2221 @!@!@
@!@!@STARTMSG 2221:0 @!@!@
  line 75, col 30 to line 75, col 65 of module bounded_buffer: 12
@!@!@ENDMSG 2221 @!@!@
@!@!@STARTMSG 2221:0 @!@!@
  line 76, col 30 to line 76, col 69 of module bounded_buffer: 12
@!@!@ENDMSG 2221 @!@!@
@!@!@STARTMSG 2221:0 @!@!@
  line 77, col 40 to line 77, col 47 of module bounded_buffer: 12
@!@!@ENDMSG 2221 @!@!@
@!@!@STARTMSG 2221:0 @!@!@
  line 80, col 46 to line 80, col 72 of module bounded_buffer: 6
@!@!@ENDMSG 2221 @!@!@
@!@!@STARTMSG 2221:0 @!@!@
  line 81, col 46 to line 81, col 71 of module bounded_buffer: 6
@!@!@ENDMSG 2221 @!@!@
@!@!@STARTMSG 2221:0 @!@!@
  line 83, col 54 to line 83, col 58 of module bounded_buffer: 3
@!@!@ENDMSG 2221 @!@!@
@!@!@STARTMSG 2221:0 @!@!@
  line 83, col 61 to line 83, col 68 of module bounded_buffer: 3
@!@!@ENDMSG 2221 @!@!@
@!@!@STARTMSG 2221:0 @!@!@
  line 84, col 30 to line 84, col 53 of module bounded_buffer: 9
@!@!@ENDMSG 2221 @!@!@
@!@!@STARTMSG 2221:0 @!@!@
  line 85, col 30 to line 85, col 64 of module bounded_buffer: 9
@!@!@ENDMSG 2221 @!@!@
@!@!@STARTMSG 2221:0 @!@!@
  line 89, col 24 to line 89, col 58 of module bounded_buffer: 14
@!@!@ENDMSG 2221 @!@!@
@!@!@STARTMSG 2221:0 @!@!@
  line 90, col 37 to line 90, col 44 of module bounded_buffer: 14
@!@!@ENDMSG 2221 @!@!@
@!@!@STARTMSG 2221:0 @!@!@
  line 90, col 47 to line 90, col 51 of module bounded_buffer: 14
@!@!@ENDMSG 2221 @!@!@
@!@!@STARTMSG 2221:0 @!@!@
  line 90, col 54 to line 90, col 61 of module bounded_buffer: 14
@!@!@ENDMSG 2221 @!@!@
@!@!@STARTMSG 2221:0 @!@!@
  line 96, col 29 to line 96, col 51 of module bounded_buffer: 5
@!@!@ENDMSG 2221 @!@!@
@!@!@STARTMSG 2221:0 @!@!@
  line 97, col 29 to line 97, col 64 of module bounded_buffer: 5
@!@!@ENDMSG 2221 @!@!@
@!@!@STARTMSG 2221:0 @!@!@
  line 98, col 29 to line 98, col 67 of module bounded_buffer: 5
@!@!@ENDMSG 2221 @!@!@
@!@!@STARTMSG 2221:0 @!@!@
  line 99, col 39 to line 99, col 46 of module bounded_buffer: 5
@!@!@ENDMSG 2221 @!@!@
@!@!@STARTMSG 2202:0 @!@!@
End of statistics.
@!@!@ENDMSG 2202 @!@!@
@!@!@STARTMSG 2200:0 @!@!@
Progress(11) at 2018-08-15 12:39:42: 52 states generated (3,470 s/min), 25 distinct states found (1,668 ds/min), 0 states left on queue.
@!@!@ENDMSG 2200 @!@!@
@!@!@STARTMSG 2199:0 @!@!@
52 states generated, 25 distinct states found, 0 states left on queue.
@!@!@ENDMSG 2199 @!@!@
@!@!@STARTMSG 2194:0 @!@!@
The depth of the complete state graph search is 11.
@!@!@ENDMSG 2194 @!@!@
@!@!@STARTMSG 2268:0 @!@!@
The average outdegree of the complete state graph is 1 (minimum is 0, the maximum 2 and the 95th percentile is 2).
@!@!@ENDMSG 2268 @!@!@
@!@!@STARTMSG 2186:0 @!@!@
Finished in 1191ms at (2018-08-15 12:39:42)
@!@!@ENDMSG 2186 @!@!@
